43.0 APEX_CODE,FINEST;APEX_PROFILING,INFO;CALLOUT,INFO;DB,INFO;NBA,INFO;SYSTEM,DEBUG;VALIDATION,INFO;VISUALFORCE,INFO;WAVE,INFO;WORKFLOW,INFO
19:16:15.0 (98276)|EXECUTION_STARTED
19:16:15.0 (124210)|CODE_UNIT_STARTED|[EXTERNAL]|VisualForce View State
19:16:15.0 (7573712)|CODE_UNIT_FINISHED|VisualForce View State
19:16:15.0 (8448382)|EXECUTION_FINISHED
19:16:15.317 (317201231)|CUMULATIVE_LIMIT_USAGE
19:16:15.317 (317201231)|LIMIT_USAGE_FOR_NS|(default)|
  Number of SOQL queries: 0 out of 100
  Number of query rows: 0 out of 50000
  Number of SOSL queries: 0 out of 20
  Number of DML statements: 0 out of 150
  Number of DML rows: 0 out of 10000
  Maximum CPU time: 0 out of 10000
  Maximum heap size: 0 out of 6000000
  Number of callouts: 0 out of 100
  Number of Email Invocations: 0 out of 10
  Number of future calls: 0 out of 50
  Number of queueable jobs added to the queue: 0 out of 50
  Number of Mobile Apex push calls: 0 out of 10

19:16:15.317 (317201231)|CUMULATIVE_LIMIT_USAGE_END

